env PATH=<private-worktree> .venv/bin/echidna test/echidna/EchidnaCrownInvariants.sol --contract EchidnaCrownInvariants --config echidna.yaml --test-limit 50000
[2026-06-10 14:27:14.67] Compiling `test/echidna/EchidnaCrownInvariants.sol`... Done! (1.097463866s)
Analyzing contract: <private-worktree>
[2026-06-10 14:27:15.94] Running slither on `test/echidna/EchidnaCrownInvariants.sol`... Done! (1.014609307s)
Loaded 1 transaction sequences from echidna-corpus/reproducers
Loaded 10 transaction sequences from echidna-corpus/coverage
[2026-06-10 14:27:17.04] [Worker 0] New coverage: 9281 instr, 5 contracts, 1 seqs in corpus
[2026-06-10 14:27:17.04] [Worker 1] Sequence replayed from corpus file 6137147249463079113.txt (1/3)
[2026-06-10 14:27:17.04] [Worker 0] Sequence replayed from corpus file 6137147249463079113.txt (1/3)
[2026-06-10 14:27:17.25] [Worker 2] New coverage: 9812 instr, 5 contracts, 2 seqs in corpus
[2026-06-10 14:27:17.26] [Worker 2] Sequence replayed from corpus file 3816254674905543717.txt (1/3)
[2026-06-10 14:27:17.26] [Worker 3] New coverage: 9894 instr, 5 contracts, 3 seqs in corpus
[2026-06-10 14:27:17.26] [Worker 3] Sequence replayed from corpus file 4726357880428759211.txt (1/2)
[2026-06-10 14:27:17.27] [Worker 0] New coverage: 9894 instr, 5 contracts, 4 seqs in corpus
[2026-06-10 14:27:17.27] [Worker 0] Sequence replayed from corpus file 4780830398029404724.txt (2/3)
[2026-06-10 14:27:17.27] [Worker 1] New coverage: 9894 instr, 5 contracts, 5 seqs in corpus
[2026-06-10 14:27:17.27] [Worker 1] Sequence replayed from corpus file 1210325265859882197.txt (2/3)
[2026-06-10 14:27:17.38] [Worker 2] New coverage: 9894 instr, 5 contracts, 6 seqs in corpus
[2026-06-10 14:27:17.38] [Worker 2] Sequence replayed from corpus file 2349178022917470593.txt (2/3)
[2026-06-10 14:27:17.39] [Worker 0] Sequence replayed from corpus file 2180119680789322195.txt (3/3)
[2026-06-10 14:27:17.40] [Worker 1] Sequence replayed from corpus file 8413210792195220673.txt (3/3)
[2026-06-10 14:27:17.40] [Worker 3] Sequence replayed from corpus file 2397489761223984855.txt (2/2)
[2026-06-10 14:27:17.53] [Worker 2] Sequence replayed from corpus file 7415762941369919523.txt (3/3)
[2026-06-10 14:27:20.00] [status] tests: 0/3, fuzzing: 15965/50000, values: [], cov: 9894, corpus: 6, gas/s: 1259721618
[2026-06-10 14:27:23.00] [status] tests: 0/3, fuzzing: 33312/50000, values: [], cov: 9894, corpus: 6, gas/s: 1349639457
[2026-06-10 14:27:25.86] [Worker 0] Test limit reached. Stopping.
[2026-06-10 14:27:25.92] [Worker 3] Test limit reached. Stopping.
[2026-06-10 14:27:25.92] [Worker 2] Test limit reached. Stopping.
[2026-06-10 14:27:26.00] [status] tests: 0/3, fuzzing: 50094/50000, values: [], cov: 9894, corpus: 6, gas/s: 1318678322
[2026-06-10 14:27:26.03] [Worker 1] Test limit reached. Stopping.
[2026-06-10 14:27:26.03] [status] tests: 0/3, fuzzing: 50295/50000, values: [], cov: 9894, corpus: 6, gas/s: 0
echidna_I2_burnBeforeWithdraw: passing
echidna_I1_solvency: passing
echidna_I4_backingPerShare_monotonic: passing

Unique instructions: 9894
Unique codehashes: 5
Corpus size: 6
Seed: 5199190137304164677
Total calls: 50295

[2026-06-10 14:27:26.03] Saving test reproducers... Done! (0.000000621s)
[2026-06-10 14:27:26.03] Saving corpus... Done! (0.000189768s)
[2026-06-10 14:27:26.03] Saving foundry reproducers... Done! (0.000004886s)
[2026-06-10 14:27:26.03] Saving coverage... Done! (0.185541843s)
