.venv/bin/halmos --config halmos.toml --match-contract "Halmos_I1_Solvency"
Compiling 324 files with Solc 0.8.24
Solc 0.8.24 finished in 60.96s
Compiler run successful with warnings:
Warning (2519): This declaration shadows an existing declaration.
   --> test/ForageGovernor.fuzz.t.sol:220:13:
    |
220 |             uint256 proposalId = _createProposal();
    |             ^^^^^^^^^^^^^^^^^^
Note: The shadowed declaration is here:
   --> test/ForageGovernor.fuzz.t.sol:249:9:
    |
249 |         uint256 proposalId = _createProposal();
    |         ^^^^^^^^^^^^^^^^^^

Warning (2519): This declaration shadows an existing declaration.
   --> test/ForageGovernor.t.sol:456:13:
    |
456 |             address[] memory targets = new address[](1);
    |             ^^^^^^^^^^^^^^^^^^^^^^^^
Note: The shadowed declaration is here:
   --> test/ForageGovernor.t.sol:469:9:
    |
469 |         address[] memory targets = new address[](1);
    |         ^^^^^^^^^^^^^^^^^^^^^^^^

Warning (2519): This declaration shadows an existing declaration.
   --> test/ForageGovernor.t.sol:458:13:
    |
458 |             uint256[] memory values = new uint256[](1);
    |             ^^^^^^^^^^^^^^^^^^^^^^^
Note: The shadowed declaration is here:
   --> test/ForageGovernor.t.sol:471:9:
    |
471 |         uint256[] memory values = new uint256[](1);
    |         ^^^^^^^^^^^^^^^^^^^^^^^

Warning (2519): This declaration shadows an existing declaration.
   --> test/ForageGovernor.t.sol:460:13:
    |
460 |             bytes[] memory calldatas = new bytes[](1);
    |             ^^^^^^^^^^^^^^^^^^^^^^^^
Note: The shadowed declaration is here:
   --> test/ForageGovernor.t.sol:473:9:
    |
473 |         bytes[] memory calldatas = new bytes[](1);
    |         ^^^^^^^^^^^^^^^^^^^^^^^^

Warning (2519): This declaration shadows an existing declaration.
   --> test/ForageGovernor.t.sol:486:13:
    |
486 |             address[] memory targets = new address[](1);
    |             ^^^^^^^^^^^^^^^^^^^^^^^^
Note: The shadowed declaration is here:
   --> test/ForageGovernor.t.sol:509:9:
    |
509 |         address[] memory targets = new address[](1);
    |         ^^^^^^^^^^^^^^^^^^^^^^^^

Warning (2519): This declaration shadows an existing declaration.
   --> test/ForageGovernor.t.sol:488:13:
    |
488 |             uint256[] memory values = new uint256[](1);
    |             ^^^^^^^^^^^^^^^^^^^^^^^
Note: The shadowed declaration is here:
   --> test/ForageGovernor.t.sol:511:9:
    |
511 |         uint256[] memory values = new uint256[](1);
    |         ^^^^^^^^^^^^^^^^^^^^^^^

Warning (2519): This declaration shadows an existing declaration.
   --> test/ForageGovernor.t.sol:490:13:
    |
490 |             bytes[] memory calldatas = new bytes[](1);
    |             ^^^^^^^^^^^^^^^^^^^^^^^^
Note: The shadowed declaration is here:
   --> test/ForageGovernor.t.sol:513:9:
    |
513 |         bytes[] memory calldatas = new bytes[](1);
    |         ^^^^^^^^^^^^^^^^^^^^^^^^

Warning (5740): Unreachable code.
   --> lib/openzeppelin-contracts-upgradeable/contracts/governance/GovernorUpgradeable.sol:105:28:
    |
105 |         if (_executor() != address(this)) {
    |                            ^^^^^^^^^^^^^

Warning (5740): Unreachable code.
   --> lib/openzeppelin-contracts-upgradeable/contracts/governance/GovernorUpgradeable.sol:105:43:
    |
105 |         if (_executor() != address(this)) {
    |                                           ^ (Relevant source part starts here and spans across multiple lines).

Warning (5740): Unreachable code.
   --> lib/openzeppelin-contracts-upgradeable/contracts/governance/GovernorUpgradeable.sol:194:51:
    |
194 |         } else if (!_quorumReached(proposalId) || !_voteSucceeded(proposalId)) {
    |                                                   ^^^^^^^^^^^^^^^^^^^^^^^^^^^

Warning (5740): Unreachable code.
   --> lib/openzeppelin-contracts-upgradeable/contracts/governance/GovernorUpgradeable.sol:194:80:
    |
194 |         } else if (!_quorumReached(proposalId) || !_voteSucceeded(proposalId)) {
    |                                                                                ^ (Relevant source part starts here and spans across multiple lines).

Warning (5740): Unreachable code.
   --> lib/openzeppelin-contracts-upgradeable/contracts/governance/GovernorUpgradeable.sol:196:16:
    |
196 |         } else if (proposalEta(proposalId) == 0) {
    |                ^ (Relevant source part starts here and spans across multiple lines).

Warning (5740): Unreachable code.
   --> lib/openzeppelin-contracts-upgradeable/contracts/governance/GovernorUpgradeable.sol:244:28:
    |
244 |         if (_executor() != _msgSender()) {
    |                            ^^^^^^^^^^^^

Warning (5740): Unreachable code.
   --> lib/openzeppelin-contracts-upgradeable/contracts/governance/GovernorUpgradeable.sol:244:42:
    |
244 |         if (_executor() != _msgSender()) {
    |                                          ^ (Relevant source part starts here and spans across multiple lines).

Warning (5740): Unreachable code.
   --> lib/openzeppelin-contracts-upgradeable/contracts/governance/GovernorUpgradeable.sol:247:9:
    |
247 |         if (_executor() != address(this)) {
    |         ^ (Relevant source part starts here and spans across multiple lines).

Warning (5740): Unreachable code.
   --> lib/openzeppelin-contracts-upgradeable/contracts/governance/GovernorUpgradeable.sol:317:9:
    |
317 |         if (votesThreshold > 0) {
    |         ^ (Relevant source part starts here and spans across multiple lines).

Warning (5740): Unreachable code.
   --> lib/openzeppelin-contracts-upgradeable/contracts/governance/GovernorUpgradeable.sol:324:9:
    |
324 |         return _propose(targets, values, calldatas, description, proposer);
    |         ^^^^^^^^^^^^^^^^^^^^^^^^^^^^^^^^^^^^^^^^^^^^^^^^^^^^^^^^^^^^^^^^^^

Warning (5740): Unreachable code.
   --> lib/openzeppelin-contracts-upgradeable/contracts/governance/GovernorUpgradeable.sol:350:9:
    |
350 |         uint256 duration = votingPeriod();
    |         ^^^^^^^^^^^^^^^^^^^^^^^^^^^^^^^^^

Warning (5740): Unreachable code.
   --> lib/openzeppelin-contracts-upgradeable/contracts/governance/GovernorUpgradeable.sol:352:9:
    |
352 |         ProposalCore storage proposal = $._proposals[proposalId];
    |         ^ (Relevant source part starts here and spans across multiple lines).

Warning (5740): Unreachable code.
   --> lib/openzeppelin-contracts-upgradeable/contracts/governance/GovernorUpgradeable.sol:355:9:
    |
355 |         proposal.voteDuration = SafeCast.toUint32(duration);
    |         ^^^^^^^^^^^^^^^^^^^^^^^^^^^^^^^^^^^^^^^^^^^^^^^^^^^

Warning (5740): Unreachable code.
   --> lib/openzeppelin-contracts-upgradeable/contracts/governance/GovernorUpgradeable.sol:357:9:
    |
357 |         emit ProposalCreated(
    |         ^ (Relevant source part starts here and spans across multiple lines).

Warning (5740): Unreachable code.
   --> lib/openzeppelin-contracts-upgradeable/contracts/governance/GovernorUpgradeable.sol:384:9:
    |
384 |         uint48 etaSeconds = _queueOperations(proposalId, targets, values, calldatas, descriptionHash);
    |         ^^^^^^^^^^^^^^^^^^^^^^^^^^^^^^^^^^^^^^^^^^^^^^^^^^^^^^^^^^^^^^^^^^^^^^^^^^^^^^^^^^^^^^^^^^^^^

Warning (5740): Unreachable code.
   --> lib/openzeppelin-contracts-upgradeable/contracts/governance/GovernorUpgradeable.sol:386:9:
    |
386 |         if (etaSeconds != 0) {
    |         ^ (Relevant source part starts here and spans across multiple lines).

Warning (5740): Unreachable code.
   --> lib/openzeppelin-contracts-upgradeable/contracts/governance/GovernorUpgradeable.sol:393:9:
    |
393 |         return proposalId;
    |         ^^^^^^^^^^^^^^^^^

Warning (5740): Unreachable code.
   --> lib/openzeppelin-contracts-upgradeable/contracts/governance/GovernorUpgradeable.sol:435:9:
    |
435 |         $._proposals[proposalId].executed = true;
    |         ^ (Relevant source part starts here and spans across multiple lines).

Warning (5740): Unreachable code.
   --> lib/openzeppelin-contracts-upgradeable/contracts/governance/GovernorUpgradeable.sol:446:9:
    |
446 |         _executeOperations(proposalId, targets, values, calldatas, descriptionHash);
    |         ^^^^^^^^^^^^^^^^^^^^^^^^^^^^^^^^^^^^^^^^^^^^^^^^^^^^^^^^^^^^^^^^^^^^^^^^^^^

Warning (5740): Unreachable code.
   --> lib/openzeppelin-contracts-upgradeable/contracts/governance/GovernorUpgradeable.sol:449:9:
    |
449 |         if (_executor() != address(this) && !$._governanceCall.empty()) {
    |         ^ (Relevant source part starts here and spans across multiple lines).

Warning (5740): Unreachable code.
   --> lib/openzeppelin-contracts-upgradeable/contracts/governance/GovernorUpgradeable.sol:453:9:
    |
453 |         emit ProposalExecuted(proposalId);
    |         ^ (Relevant source part starts here and spans across multiple lines).

Warning (5740): Unreachable code.
   --> lib/openzeppelin-contracts-upgradeable/contracts/governance/GovernorUpgradeable.sol:491:51:
    |
491 |         if (!_validateCancel(proposalId, caller)) revert GovernorUnableToCancel(proposalId, caller);
    |                                                   ^^^^^^^^^^^^^^^^^^^^^^^^^^^^^^^^^^^^^^^^^^^^^^^^^

Warning (5740): Unreachable code.
   --> lib/openzeppelin-contracts-upgradeable/contracts/governance/GovernorUpgradeable.sol:493:9:
    |
493 |         return _cancel(targets, values, calldatas, descriptionHash);
    |         ^^^^^^^^^^^^^^^^^^^^^^^^^^^^^^^^^^^^^^^^^^^^^^^^^^^^^^^^^^^

Warning (5740): Unreachable code.
   --> lib/openzeppelin-contracts-upgradeable/contracts/governance/GovernorUpgradeable.sol:519:9:
    |
519 |         $._proposals[proposalId].canceled = true;
    |         ^ (Relevant source part starts here and spans across multiple lines).

Warning (5740): Unreachable code.
   --> lib/openzeppelin-contracts-upgradeable/contracts/governance/GovernorUpgradeable.sol:668:9:
    |
668 |         uint256 totalWeight = _getVotes(account, proposalSnapshot(proposalId), params);
    |         ^^^^^^^^^^^^^^^^^^^^^^^^^^^^^^^^^^^^^^^^^^^^^^^^^^^^^^^^^^^^^^^^^^^^^^^^^^^^^^

Warning (5740): Unreachable code.
   --> lib/openzeppelin-contracts-upgradeable/contracts/governance/GovernorUpgradeable.sol:669:9:
    |
669 |         uint256 votedWeight = _countVote(proposalId, account, support, totalWeight, params);
    |         ^^^^^^^^^^^^^^^^^^^^^^^^^^^^^^^^^^^^^^^^^^^^^^^^^^^^^^^^^^^^^^^^^^^^^^^^^^^^^^^^^^^

Warning (5740): Unreachable code.
   --> lib/openzeppelin-contracts-upgradeable/contracts/governance/GovernorUpgradeable.sol:671:9:
    |
671 |         if (params.length == 0) {
    |         ^ (Relevant source part starts here and spans across multiple lines).

Warning (5740): Unreachable code.
   --> lib/openzeppelin-contracts-upgradeable/contracts/governance/GovernorUpgradeable.sol:677:9:
    |
677 |         _tallyUpdated(proposalId);
    |         ^^^^^^^^^^^^^^^^^^^^^^^^^

Warning (5740): Unreachable code.
   --> lib/openzeppelin-contracts-upgradeable/contracts/governance/GovernorUpgradeable.sol:679:9:
    |
679 |         return votedWeight;
    |         ^^^^^^^^^^^^^^^^^^

Warning (5740): Unreachable code.
   --> lib/openzeppelin-contracts-upgradeable/contracts/governance/GovernorUpgradeable.sol:688:110:
    |
688 |     function relay(address target, uint256 value, bytes calldata data) public payable virtual onlyGovernance {
    |                                                                                                              ^ (Relevant source part starts here and spans across multiple lines).

Warning (5740): Unreachable code.
   --> lib/openzeppelin-contracts-upgradeable/contracts/governance/GovernorUpgradeable.sol:706:28:
    |
706 |         if (_executor() != address(this)) {
    |                            ^^^^^^^^^^^^^

Warning (5740): Unreachable code.
   --> lib/openzeppelin-contracts-upgradeable/contracts/governance/GovernorUpgradeable.sol:706:43:
    |
706 |         if (_executor() != address(this)) {
    |                                           ^ (Relevant source part starts here and spans across multiple lines).

Warning (5740): Unreachable code.
   --> lib/openzeppelin-contracts-upgradeable/contracts/governance/GovernorUpgradeable.sol:709:9:
    |
709 |         return this.onERC721Received.selector;
    |         ^^^^^^^^^^^^^^^^^^^^^^^^^^^^^^^^^^^^^

Warning (5740): Unreachable code.
   --> lib/openzeppelin-contracts-upgradeable/contracts/governance/GovernorUpgradeable.sol:717:28:
    |
717 |         if (_executor() != address(this)) {
    |                            ^^^^^^^^^^^^^

Warning (5740): Unreachable code.
   --> lib/openzeppelin-contracts-upgradeable/contracts/governance/GovernorUpgradeable.sol:717:43:
    |
717 |         if (_executor() != address(this)) {
    |                                           ^ (Relevant source part starts here and spans across multiple lines).

Warning (5740): Unreachable code.
   --> lib/openzeppelin-contracts-upgradeable/contracts/governance/GovernorUpgradeable.sol:720:9:
    |
720 |         return this.onERC1155Received.selector;
    |         ^^^^^^^^^^^^^^^^^^^^^^^^^^^^^^^^^^^^^^

Warning (5740): Unreachable code.
   --> lib/openzeppelin-contracts-upgradeable/contracts/governance/GovernorUpgradeable.sol:734:28:
    |
734 |         if (_executor() != address(this)) {
    |                            ^^^^^^^^^^^^^

Warning (5740): Unreachable code.
   --> lib/openzeppelin-contracts-upgradeable/contracts/governance/GovernorUpgradeable.sol:734:43:
    |
734 |         if (_executor() != address(this)) {
    |                                           ^ (Relevant source part starts here and spans across multiple lines).

Warning (5740): Unreachable code.
   --> lib/openzeppelin-contracts-upgradeable/contracts/governance/GovernorUpgradeable.sol:737:9:
    |
737 |         return this.onERC1155BatchReceived.selector;
    |         ^^^^^^^^^^^^^^^^^^^^^^^^^^^^^^^^^^^^^^^^^^^

Warning (5740): Unreachable code.
   --> lib/openzeppelin-contracts-upgradeable/contracts/governance/GovernorUpgradeable.sol:764:9:
    |
764 |         if (_encodeStateBitmap(currentState) & allowedStates == bytes32(0)) {
    |         ^ (Relevant source part starts here and spans across multiple lines).

Warning (5740): Unreachable code.
   --> lib/openzeppelin-contracts-upgradeable/contracts/governance/GovernorUpgradeable.sol:767:9:
    |
767 |         return currentState;
    |         ^^^^^^^^^^^^^^^^^^^

Warning (5740): Unreachable code.
   --> lib/openzeppelin-contracts-upgradeable/contracts/governance/GovernorUpgradeable.sol:820:38:
    |
820 |         return (state(proposalId) == ProposalState.Pending) && caller == proposalProposer(proposalId);
    |                                      ^^^^^^^^^^^^^^^^^^^^^

Warning (5740): Unreachable code.
   --> lib/openzeppelin-contracts-upgradeable/contracts/governance/GovernorUpgradeable.sol:820:64:
    |
820 |         return (state(proposalId) == ProposalState.Pending) && caller == proposalProposer(proposalId);
    |                                                                ^^^^^^^^^^^^^^^^^^^^^^^^^^^^^^^^^^^^^^

Warning (5740): Unreachable code.
  --> lib/openzeppelin-contracts-upgradeable/contracts/governance/extensions/GovernorCountingSimpleUpgradeable.sol:77:56:
   |
77 |         return quorum(proposalSnapshot(proposalId)) <= proposalVote.forVotes + proposalVote.abstainVotes;
   |                                                        ^^^^^^^^^^^^^^^^^^^^^^^^^^^^^^^^^^^^^^^^^^^^^^^^^

Warning (5740): Unreachable code.
  --> lib/openzeppelin-contracts-upgradeable/contracts/governance/extensions/GovernorSettingsUpgradeable.sol:73:82:
   |
73 |     function setVotingDelay(uint48 newVotingDelay) public virtual onlyGovernance {
   |                                                                                  ^ (Relevant source part starts here and spans across multiple lines).

Warning (5740): Unreachable code.
  --> lib/openzeppelin-contracts-upgradeable/contracts/governance/extensions/GovernorSettingsUpgradeable.sol:82:84:
   |
82 |     function setVotingPeriod(uint32 newVotingPeriod) public virtual onlyGovernance {
   |                                                                                    ^ (Relevant source part starts here and spans across multiple lines).

Warning (5740): Unreachable code.
  --> lib/openzeppelin-contracts-upgradeable/contracts/governance/extensions/GovernorSettingsUpgradeable.sol:91:95:
   |
91 |     function setProposalThreshold(uint256 newProposalThreshold) public virtual onlyGovernance {
   |                                                                                               ^ (Relevant source part starts here and spans across multiple lines).

Warning (5740): Unreachable code.
   --> lib/openzeppelin-contracts-upgradeable/contracts/governance/extensions/GovernorTimelockControlUpgradeable.sol:148:9:
    |
148 |         bytes32 timelockId = $._timelockIds[proposalId];
    |         ^ (Relevant source part starts here and spans across multiple lines).

Warning (5740): Unreachable code.
   --> lib/openzeppelin-contracts-upgradeable/contracts/governance/extensions/GovernorTimelockControlUpgradeable.sol:156:9:
    |
156 |         return proposalId;
    |         ^^^^^^^^^^^^^^^^^

Warning (5740): Unreachable code.
   --> lib/openzeppelin-contracts-upgradeable/contracts/governance/extensions/GovernorTimelockControlUpgradeable.sol:173:102:
    |
173 |     function updateTimelock(TimelockControllerUpgradeable newTimelock) public virtual onlyGovernance {
    |                                                                                                      ^ (Relevant source part starts here and spans across multiple lines).

Warning (2072): Unused local variable.
   --> test/helpers/ForageGovernorTestBase.sol:254:13:
    |
254 |             bytes32 whitelistSalt = keccak256(whitelistData);
    |             ^^^^^^^^^^^^^^^^^^^^^

Warning (5667): Unused function parameter. Remove or comment out the variable name to silence this warning.
   --> test/helpers/ForageGovernorTestBase.sol:314:31:
    |
314 |     function _queueAndExecute(uint256 proposalId) internal {
    |                               ^^^^^^^^^^^^^^^^^^

Warning (2072): Unused local variable.
   --> test/ForageGovernor.attack.t.sol:502:9:
    |
502 |         uint256 activeBefore = governor.activeProposalCount();
    |         ^^^^^^^^^^^^^^^^^^^^

Warning (2072): Unused local variable.
   --> test/ForageGovernor.attack.t.sol:672:10:
    |
672 |         (bool success,) = address(governor).call(callData);
    |          ^^^^^^^^^^^^

Warning (2072): Unused local variable.
    --> test/ForageGovernor.t.sol:1318:9:
     |
1318 |         uint256 pid = _createAndPassStandardProposal();
     |         ^^^^^^^^^^^

Warning (2072): Unused local variable.
   --> test/RISKUSDVault.attack.t.sol:390:9:
    |
390 |         bytes32 totalLostCapitalSlot = bytes32(uint256(keccak256("eip1967.proxy.implementation")) + 1);
    |         ^^^^^^^^^^^^^^^^^^^^^^^^^^^^

Warning (2072): Unused local variable.
   --> test/RISKUSDVault.edge.t.sol:516:18:
    |
516 |                 (bool ok,) = address(vault).call(abi.encodeCall(vault.deposit, (100e6)));
    |                  ^^^^^^^

Warning (2072): Unused local variable.
   --> test/RISKUSDVault.edge.t.sol:530:22:
    |
530 |                     (bool ok,) = address(vault).call(abi.encodeCall(vault.redeem, (redeemAmt)));
    |                      ^^^^^^^

Warning (2072): Unused local variable.
   --> test/RISKUSDVault.edge.t.sol:538:22:
    |
538 |                     (bool ok,) = address(vault).call(abi.encodeCall(vault.deployCapital, (50e6)));
    |                      ^^^^^^^

Warning (2072): Unused local variable.
   --> test/RISKUSDVault.edge.t.sol:547:22:
    |
547 |                     (bool ok,) = address(vault).call(abi.encodeCall(vault.returnCapital, (20e6)));
    |                      ^^^^^^^

Warning (2072): Unused local variable.
   --> test/RISKUSDVault.edge.t.sol:559:18:
    |
559 |                 (bool ok,) = address(vault).call(abi.encodeCall(vault.burnForLoss, (1, 50e6)));
    |                  ^^^^^^^

Warning (2072): Unused local variable.
   --> test/RISKUSDVault.edge.t.sol:564:18:
    |
564 |                 (bool ok,) = address(vault).call(abi.encodeCall(vault.replenish, (10e6)));
    |                  ^^^^^^^

Warning (2072): Unused local variable.
   --> test/RISKUSDVault.edge.t.sol:914:9:
    |
914 |         uint256 cap = vault.effectiveWeeklyRedemptionCap(); // 50e6
    |         ^^^^^^^^^^^

Warning (2072): Unused local variable.
   --> test/StakingQueue.fuzz.t.sol:192:9:
    |
192 |         uint256 remainingEntries = numEntries - cancelledCount;
    |         ^^^^^^^^^^^^^^^^^^^^^^^^

Warning (2072): Unused local variable.
   --> test/StakingQueue.proportionalCap.t.sol:193:9:
    |
193 |         uint256 id2 = queue.nextQueueId();
    |         ^^^^^^^^^^^

Warning (2072): Unused local variable.
   --> test/StakingQueue.upgrade.t.sol:182:9:
    |
182 |         uint256 upgradeId = _joinQueue(alice, STANDARD_DEPOSIT, 0);
    |         ^^^^^^^^^^^^^^^^^

Warning (5667): Unused function parameter. Remove or comment out the variable name to silence this warning.
  --> test/helpers/MockTarget.sol:20:34:
   |
20 |     function doSomethingWithArgs(uint256 arg1, address arg2) external {
   |                                  ^^^^^^^^^^^^

Warning (5667): Unused function parameter. Remove or comment out the variable name to silence this warning.
  --> test/helpers/MockTarget.sol:20:48:
   |
20 |     function doSomethingWithArgs(uint256 arg1, address arg2) external {
   |                                                ^^^^^^^^^^^^

Warning (2072): Unused local variable.
   --> test/TimelockController.t.sol:604:9:
    |
604 |         bytes32 id = _scheduleOperation(address(timelock), 0, data, bytes32(0), salt, MIN_DELAY);
    |         ^^^^^^^^^^

Warning (2072): Unused local variable.
   --> test/TimelockController.t.sol:775:9:
    |
775 |         bytes32 depId = _scheduleOperation(address(mockTarget), 0, depData, predId, depSalt, MIN_DELAY);
    |         ^^^^^^^^^^^^^

Warning (2072): Unused local variable.
  --> test/atRISKUSD.attackExchangeRate.t.sol:54:9:
   |
54 |         uint256 aliceShares = _depositViaQueue(alice, 500e6);
   |         ^^^^^^^^^^^^^^^^^^^

Warning (2072): Unused local variable.
   --> test/atRISKUSD.attackExchangeRate.t.sol:109:9:
    |
109 |         uint256 totalAssetsBefore = vault.totalAssets();
    |         ^^^^^^^^^^^^^^^^^^^^^^^^^

Warning (2072): Unused local variable.
   --> test/atRISKUSD.attackInflation.t.sol:109:13:
    |
109 |             uint256 attackerShares = freshVault.deposit(1, attacker);
    |             ^^^^^^^^^^^^^^^^^^^^^^

Warning (2072): Unused local variable.
   --> test/atRISKUSD.attackInflation.t.sol:164:9:
    |
164 |         uint256 attackerShares = _depositViaQueue(attacker, 1e6);
    |         ^^^^^^^^^^^^^^^^^^^^^^

Warning (2072): Unused local variable.
  --> test/atRISKUSD.attackLossDrain.t.sol:23:9:
   |
23 |         uint256 totalSharesBefore = vault.totalSupply();
   |         ^^^^^^^^^^^^^^^^^^^^^^^^^

Warning (2072): Unused local variable.
  --> test/atRISKUSD.attackLossDrain.t.sol:27:9:
   |
27 |         uint256 prevAssets = vault.totalAssets();
   |         ^^^^^^^^^^^^^^^^^^

Warning (2072): Unused local variable.
   --> test/atRISKUSD.attackLossDrain.t.sol:206:9:
    |
206 |         uint256 bobShares = _depositViaQueue(bob, 500e6);
    |         ^^^^^^^^^^^^^^^^^

Warning (2072): Unused local variable.
   --> test/atRISKUSD.attackLossDrain.t.sol:220:9:
    |
220 |         uint256 bobShares = _depositViaQueue(bob, 500e6);
    |         ^^^^^^^^^^^^^^^^^

Warning (2072): Unused local variable.
  --> test/atRISKUSD.cooldown.t.sol:93:9:
   |
93 |         uint256 aliceAssets = zeroCooldownVault.previewRedeem(aliceShares);
   |         ^^^^^^^^^^^^^^^^^^^

Warning (2072): Unused local variable.
  --> test/atRISKUSD.edgeCases.t.sol:99:9:
   |
99 |         uint256 initialSupply = tier0Vault.totalSupply();
   |         ^^^^^^^^^^^^^^^^^^^^^

Warning (2072): Unused local variable.
   --> test/atRISKUSD.edgeCases.t.sol:100:9:
    |
100 |         uint256 initialAssets = tier0Vault.totalAssets();
    |         ^^^^^^^^^^^^^^^^^^^^^

Warning (2072): Unused local variable.
   --> test/atRISKUSD.edgeCases.t.sol:222:9:
    |
222 |         uint256 totalSupply = tier0Vault.totalSupply();
    |         ^^^^^^^^^^^^^^^^^^^

Warning (2072): Unused local variable.
   --> test/atRISKUSD.edgeCases.t.sol:223:9:
    |
223 |         uint256 totalAssets = tier0Vault.totalAssets();
    |         ^^^^^^^^^^^^^^^^^^^

Warning (2072): Unused local variable.
  --> test/atRISKUSD.erc4626.t.sol:76:9:
   |
76 |         uint256 aliceShares = noCooldownVault.balanceOf(alice);
   |         ^^^^^^^^^^^^^^^^^^^

Warning (2072): Unused local variable.
   --> test/atRISKUSD.exchangeRate.t.sol:284:9:
    |
284 |         uint256 aliceShares = _depositViaQueue(alice, 1e6);
    |         ^^^^^^^^^^^^^^^^^^^

Warning (2072): Unused local variable.
  --> test/atRISKUSD.inflationAttack.t.sol:13:9:
   |
13 |         uint256 attackerShares = _depositViaQueue(attacker, 1);
   |         ^^^^^^^^^^^^^^^^^^^^^^

Warning (2072): Unused local variable.
   --> test/atRISKUSD.upgrade.t.sol:236:9:
    |
236 |         uint256 bobShares = _depositViaQueue(bob, 1000e6);
    |         ^^^^^^^^^^^^^^^^^

Warning (2072): Unused local variable.
  --> test/atRISKUSD.withdrawalInit.t.sol:87:9:
   |
87 |         uint256 aliceShares = _depositTier0(alice, 1000e6);
   |         ^^^^^^^^^^^^^^^^^^^

Warning (2072): Unused local variable.
   --> test/atRISKUSD.withdrawalInit.t.sol:137:9:
    |
137 |         uint256 aliceShares = _depositTier0(alice, 1000e6);
    |         ^^^^^^^^^^^^^^^^^^^

Warning (2018): Function state mutability can be restricted to view
   --> src/ForageGovernor.sol:635:5:
    |
635 |     function _authorizeUpgrade(address) internal override {
    |     ^ (Relevant source part starts here and spans across multiple lines).

Warning (2018): Function state mutability can be restricted to view
    --> src/StakingQueue.sol:1158:5:
     |
1158 |     function renounceOwnership() public override onlyOwner {
     |     ^ (Relevant source part starts here and spans across multiple lines).

Warning (2018): Function state mutability can be restricted to view
   --> src/atRISKUSD.sol:911:5:
    |
911 |     function renounceOwnership() public override onlyOwner {
    |     ^ (Relevant source part starts here and spans across multiple lines).

Warning (2018): Function state mutability can be restricted to pure
  --> test/helpers/ForageGovernorV2BadLayout.sol:71:5:
   |
71 |     function quorum(uint256) public view override(GovernorUpgradeable) returns (uint256) {
   |     ^ (Relevant source part starts here and spans across multiple lines).

Warning (2018): Function state mutability can be restricted to pure
  --> test/helpers/ForageGovernorV2BadLayout.sol:75:5:
   |
75 |     function proposalThreshold()
   |     ^ (Relevant source part starts here and spans across multiple lines).

Warning (2018): Function state mutability can be restricted to pure
  --> test/helpers/ForageGovernorV2BadLayout.sol:84:5:
   |
84 |     function votingDelay() public view override(GovernorUpgradeable, GovernorSettingsUpgradeable) returns (uint256) {
   |     ^ (Relevant source part starts here and spans across multiple lines).

Warning (2018): Function state mutability can be restricted to pure
  --> test/helpers/ForageGovernorV2BadLayout.sol:88:5:
   |
88 |     function votingPeriod() public view override(GovernorUpgradeable, GovernorSettingsUpgradeable) returns (uint256) {
   |     ^ (Relevant source part starts here and spans across multiple lines).

Warning (2018): Function state mutability can be restricted to pure
  --> test/helpers/ForageGovernorV2BadLayout.sol:92:5:
   |
92 |     function state(uint256)
   |     ^ (Relevant source part starts here and spans across multiple lines).

Warning (2018): Function state mutability can be restricted to pure
   --> test/helpers/ForageGovernorV2BadLayout.sol:101:5:
    |
101 |     function proposalNeedsQueuing(uint256)
    |     ^ (Relevant source part starts here and spans across multiple lines).

Warning (2018): Function state mutability can be restricted to pure
   --> test/helpers/ForageGovernorV2BadLayout.sol:110:5:
    |
110 |     function _queueOperations(uint256, address[] memory, uint256[] memory, bytes[] memory, bytes32)
    |     ^ (Relevant source part starts here and spans across multiple lines).

Warning (2018): Function state mutability can be restricted to pure
   --> test/helpers/ForageGovernorV2BadLayout.sol:118:5:
    |
118 |     function _executeOperations(uint256, address[] memory, uint256[] memory, bytes[] memory, bytes32)
    |     ^ (Relevant source part starts here and spans across multiple lines).

Warning (2018): Function state mutability can be restricted to pure
   --> test/helpers/ForageGovernorV2BadLayout.sol:125:5:
    |
125 |     function _cancel(address[] memory, uint256[] memory, bytes[] memory, bytes32)
    |     ^ (Relevant source part starts here and spans across multiple lines).

Warning (2018): Function state mutability can be restricted to pure
   --> test/helpers/ForageGovernorV2BadLayout.sol:133:5:
    |
133 |     function _executor()
    |     ^ (Relevant source part starts here and spans across multiple lines).

Warning (2018): Function state mutability can be restricted to view
   --> test/ForageGovernor.invariant.t.sol:334:5:
    |
334 |     function invariant_activeProposalCount() public {
    |     ^ (Relevant source part starts here and spans across multiple lines).

Warning (2018): Function state mutability can be restricted to view
   --> test/ForageGovernor.invariant.t.sol:372:5:
    |
372 |     function invariant_terminalStatesImmutable() public {
    |     ^ (Relevant source part starts here and spans across multiple lines).

Warning (2018): Function state mutability can be restricted to view
   --> test/ForageGovernor.invariant.t.sol:487:5:
    |
487 |     function test_TC11_noWeightedWallets() public {
    |     ^ (Relevant source part starts here and spans across multiple lines).

Warning (2018): Function state mutability can be restricted to view
  --> test/ForageGovernor.upgrade.t.sol:80:5:
   |
80 |     function test_TC09_notOwnable() public {
   |     ^ (Relevant source part starts here and spans across multiple lines).

Warning (2018): Function state mutability can be restricted to view
    --> test/RISKUSDVault.t.sol:1857:5:
     |
1857 |     function test_TC11_noDelegatecallInBytecodeOutsideUUPS() public {
     |     ^ (Relevant source part starts here and spans across multiple lines).

Warning (2018): Function state mutability can be restricted to view
   --> test/TimelockController.attack.t.sol:157:5:
    |
157 |     function test_TC14_noImplementationSlot() public {
    |     ^ (Relevant source part starts here and spans across multiple lines).

Warning (2018): Function state mutability can be restricted to pure
   --> test/TimelockController.attack.t.sol:263:5:
    |
263 |     function test_TC16_eightDayExceedsSevenDay() public view {
    |     ^ (Relevant source part starts here and spans across multiple lines).

Warning (2018): Function state mutability can be restricted to pure
  --> test/TimelockController.t.sol:45:5:
   |
45 |     function test_TC01_decimalsMatchConstants() public view {
   |     ^ (Relevant source part starts here and spans across multiple lines).

Warning (2018): Function state mutability can be restricted to view
  --> test/atRISKUSD.attackImpl.t.sol:68:5:
   |
68 |     function test_TC21_implementationStateIsolation() public {
   |     ^ (Relevant source part starts here and spans across multiple lines).

Warning (4591): There are more than 256 warnings. Ignoring the rest.

Running 4 tests for test/formal/Halmos_I1_Solvency.t.sol:Halmos_I1_Solvency
[32m[PASS][0m check_deployCapital_preservesSolvency(uint256,uint256) (paths: 26, time: 0.45s, bounds: [])
[32m[PASS][0m check_deposit_preservesSolvency(uint256) (paths: 7, time: 0.17s, bounds: [])
[32m[PASS][0m check_redeem_preservesSolvency(uint256,uint256) (paths: 21, time: 0.53s, bounds: [])
[32m[PASS][0m check_returnCapital_preservesSolvency(uint256,uint256,uint256) (paths: 48, time: 1.22s, bounds: [])
Symbolic test result: 4 passed; 0 failed; time: 2.57s
.venv/bin/halmos --config halmos.toml --match-contract "Halmos_I2_BurnBeforeWithdraw|Halmos_I2_BurnBeforeWithdraw_AtRISKUSD"
No files changed, compilation skipped

Running 1 tests for test/formal/Halmos_I2_BurnBeforeWithdraw.t.sol:Halmos_I2_BurnBeforeWithdraw
[32m[PASS][0m check_redeem_burnsBeforePayout(uint256,uint256) (paths: 8, time: 0.23s, bounds: [])
Symbolic test result: 1 passed; 0 failed; time: 0.30s

Running 2 tests for test/formal/Halmos_I2_BurnBeforeWithdraw.t.sol:Halmos_I2_BurnBeforeWithdraw_AtRISKUSD
[32m[PASS][0m check_executeWithdrawalNoArg_burnsBeforePayout() (paths: 7, time: 0.41s, bounds: [])
[32m[PASS][0m check_executeWithdrawal_burnsBeforePayout() (paths: 7, time: 0.38s, bounds: [])
Symbolic test result: 2 passed; 0 failed; time: 0.85s
.venv/bin/halmos --config halmos.toml --match-contract "Halmos_I4_BackingPerShareMonotonic"
No files changed, compilation skipped

Running 2 tests for test/formal/Halmos_I4_BackingPerShareMonotonic.t.sol:Halmos_I4_BackingPerShareMonotonic
[32m[PASS][0m check_vaultDeposit_blocksBackingPerShareDecrease(uint256) (paths: 1, time: 0.11s, bounds: [])
[32m[PASS][0m check_vaultDeposit_preservesBackingMargin(uint256) (paths: 1, time: 0.15s, bounds: [])
Symbolic test result: 2 passed; 0 failed; time: 0.32s
