Compiling 4 files with Solc 0.8.24
Solc 0.8.24 finished in 4.80s
Compiler run successful with warnings:
Warning (2018): Function state mutability can be restricted to view
   --> src/ForageGovernor.sol:635:5:
    |
635 |     function _authorizeUpgrade(address) internal override {
    |     ^ (Relevant source part starts here and spans across multiple lines).

Warning (2018): Function state mutability can be restricted to view
    --> src/StakingQueue.sol:1158:5:
     |
1158 |     function renounceOwnership() public override onlyOwner {
     |     ^ (Relevant source part starts here and spans across multiple lines).

Warning (2018): Function state mutability can be restricted to view
   --> src/atRISKUSD.sol:911:5:
    |
911 |     function renounceOwnership() public override onlyOwner {
    |     ^ (Relevant source part starts here and spans across multiple lines).


Ran 1 test for test/DeployMainnet.target.t.sol:DeployMainnetTargetTest
[FAIL: initial custodian config expired] test_mainnetRunWithConfigUsesConfiguredCustodyRoute() (gas: 58100180)
Suite result: FAILED. 0 passed; 1 failed; 0 skipped; finished in 5.33ms (2.29ms CPU time)

Ran 1 test suite in 6.21ms (5.33ms CPU time): 0 tests passed, 1 failed, 0 skipped (1 total tests)

Failing tests:
Encountered 1 failing test in test/DeployMainnet.target.t.sol:DeployMainnetTargetTest
[FAIL: initial custodian config expired] test_mainnetRunWithConfigUsesConfiguredCustodyRoute() (gas: 58100180)

Encountered a total of 1 failing tests, 0 tests succeeded

Tip: Run `forge test --rerun` to retry only the 1 failed test
